<?xml version="1.0" encoding="UTF-8"?>
<coverage generated="1666922141024" clover="3.2.0">
  <project timestamp="1666922141024" name="All files">
    <metrics statements="148" coveredstatements="131" conditionals="56" coveredconditionals="47" methods="73" coveredmethods="62" elements="277" coveredelements="240" complexity="0" loc="148" ncloc="148" packages="3" files="12" classes="12"/>
    <package name="src">
      <metrics statements="3" coveredstatements="2" conditionals="4" coveredconditionals="2" methods="2" coveredmethods="1"/>
      <file name="App.tsx" path="/Users/jasonhensley/Desktop/Class/CISC275/quizzer_start/src/App.tsx">
        <metrics statements="3" coveredstatements="2" conditionals="4" coveredconditionals="2" methods="2" coveredmethods="1"/>
        <line num="8" count="1" type="stmt"/>
        <line num="10" count="1" type="stmt"/>
        <line num="16" count="0" type="stmt"/>
      </file>
    </package>
    <package name="src.interfaces">
      <metrics statements="0" coveredstatements="0" conditionals="0" coveredconditionals="0" methods="0" coveredmethods="0"/>
      <file name="question.ts" path="/Users/jasonhensley/Desktop/Class/CISC275/quizzer_start/src/interfaces/question.ts">
        <metrics statements="0" coveredstatements="0" conditionals="0" coveredconditionals="0" methods="0" coveredmethods="0"/>
      </file>
      <file name="quiz.ts" path="/Users/jasonhensley/Desktop/Class/CISC275/quizzer_start/src/interfaces/quiz.ts">
        <metrics statements="0" coveredstatements="0" conditionals="0" coveredconditionals="0" methods="0" coveredmethods="0"/>
      </file>
    </package>
    <package name="src.quizzer">
      <metrics statements="145" coveredstatements="129" conditionals="52" coveredconditionals="45" methods="71" coveredmethods="61"/>
      <file name="AddQuizModal.tsx" path="/Users/jasonhensley/Desktop/Class/CISC275/quizzer_start/src/quizzer/AddQuizModal.tsx">
        <metrics statements="14" coveredstatements="9" conditionals="0" coveredconditionals="0" methods="5" coveredmethods="2"/>
        <line num="10" count="2" type="stmt"/>
        <line num="15" count="51" type="stmt"/>
        <line num="16" count="51" type="stmt"/>
        <line num="18" count="51" type="stmt"/>
        <line num="19" count="1" type="stmt"/>
        <line num="20" count="1" type="stmt"/>
        <line num="21" count="1" type="stmt"/>
        <line num="22" count="1" type="stmt"/>
        <line num="25" count="51" type="stmt"/>
        <line num="38" count="0" type="stmt"/>
        <line num="46" count="0" type="stmt"/>
        <line num="54" count="0" type="stmt"/>
        <line num="55" count="0" type="stmt"/>
        <line num="56" count="0" type="stmt"/>
      </file>
      <file name="QuestionEdit.tsx" path="/Users/jasonhensley/Desktop/Class/CISC275/quizzer_start/src/quizzer/QuestionEdit.tsx">
        <metrics statements="35" coveredstatements="25" conditionals="14" coveredconditionals="11" methods="16" coveredmethods="10"/>
        <line num="16" count="2" type="stmt"/>
        <line num="24" count="245" type="stmt"/>
        <line num="25" count="246" type="stmt"/>
        <line num="28" count="245" type="stmt"/>
        <line num="29" count="2" type="stmt"/>
        <line num="31" count="2" type="cond" truecount="1" falsecount="1"/>
        <line num="32" count="2" type="stmt"/>
        <line num="40" count="245" type="stmt"/>
        <line num="41" count="2" type="stmt"/>
        <line num="42" count="2" type="stmt"/>
        <line num="43" count="2" type="cond" truecount="2" falsecount="0"/>
        <line num="44" count="1" type="stmt"/>
        <line num="46" count="1" type="stmt"/>
        <line num="48" count="2" type="stmt"/>
        <line num="53" count="245" type="stmt"/>
        <line num="54" count="2" type="stmt"/>
        <line num="55" count="2" type="stmt"/>
        <line num="58" count="245" type="stmt"/>
        <line num="62" count="0" type="stmt"/>
        <line num="63" count="0" type="stmt"/>
        <line num="64" count="0" type="stmt"/>
        <line num="71" count="245" type="stmt"/>
        <line num="72" count="0" type="stmt"/>
        <line num="73" count="0" type="stmt"/>
        <line num="74" count="0" type="stmt"/>
        <line num="80" count="245" type="stmt"/>
        <line num="97" count="0" type="stmt"/>
        <line num="128" count="2" type="stmt"/>
        <line num="172" count="0" type="stmt"/>
        <line num="186" count="455" type="stmt"/>
        <line num="208" count="0" type="stmt"/>
        <line num="225" count="2" type="stmt"/>
        <line num="232" count="0" type="stmt"/>
        <line num="247" count="1" type="stmt"/>
        <line num="256" count="1" type="stmt"/>
      </file>
      <file name="QuizCard.tsx" path="/Users/jasonhensley/Desktop/Class/CISC275/quizzer_start/src/quizzer/QuizCard.tsx">
        <metrics statements="5" coveredstatements="5" conditionals="5" coveredconditionals="4" methods="3" coveredmethods="3"/>
        <line num="12" count="2" type="stmt"/>
        <line num="16" count="90" type="stmt"/>
        <line num="18" count="356" type="cond" truecount="3" falsecount="0"/>
        <line num="21" count="90" type="stmt"/>
        <line num="27" count="12" type="stmt"/>
      </file>
      <file name="QuizEdit.tsx" path="/Users/jasonhensley/Desktop/Class/CISC275/quizzer_start/src/quizzer/QuizEdit.tsx">
        <metrics statements="26" coveredstatements="25" conditionals="2" coveredconditionals="2" methods="14" coveredmethods="13"/>
        <line num="17" count="2" type="stmt"/>
        <line num="24" count="61" type="stmt"/>
        <line num="26" count="61" type="stmt"/>
        <line num="27" count="7" type="stmt"/>
        <line num="29" count="28" type="cond" truecount="2" falsecount="0"/>
        <line num="33" count="61" type="stmt"/>
        <line num="34" count="1" type="stmt"/>
        <line num="36" count="4" type="stmt"/>
        <line num="40" count="61" type="stmt"/>
        <line num="41" count="7" type="stmt"/>
        <line num="44" count="61" type="stmt"/>
        <line num="45" count="2" type="stmt"/>
        <line num="46" count="2" type="stmt"/>
        <line num="47" count="2" type="stmt"/>
        <line num="48" count="2" type="stmt"/>
        <line num="49" count="2" type="stmt"/>
        <line num="55" count="61" type="stmt"/>
        <line num="67" count="38" type="stmt"/>
        <line num="84" count="3" type="stmt"/>
        <line num="97" count="0" type="stmt"/>
        <line num="105" count="245" type="stmt"/>
        <line num="121" count="1" type="stmt"/>
        <line num="147" count="7" type="stmt"/>
        <line num="148" count="7" type="stmt"/>
        <line num="160" count="1" type="stmt"/>
        <line num="161" count="1" type="stmt"/>
      </file>
      <file name="QuizExpanded.tsx" path="/Users/jasonhensley/Desktop/Class/CISC275/quizzer_start/src/quizzer/QuizExpanded.tsx">
        <metrics statements="25" coveredstatements="25" conditionals="7" coveredconditionals="6" methods="12" coveredmethods="12"/>
        <line num="16" count="2" type="stmt"/>
        <line num="22" count="39" type="stmt"/>
        <line num="24" count="157" type="cond" truecount="3" falsecount="0"/>
        <line num="27" count="39" type="stmt"/>
        <line num="28" count="39" type="stmt"/>
        <line num="32" count="39" type="stmt"/>
        <line num="33" count="3" type="stmt"/>
        <line num="34" count="3" type="stmt"/>
        <line num="35" count="3" type="stmt"/>
        <line num="38" count="39" type="stmt"/>
        <line num="39" count="86" type="stmt"/>
        <line num="43" count="39" type="stmt"/>
        <line num="44" count="3" type="stmt"/>
        <line num="47" count="39" type="stmt"/>
        <line num="48" count="10" type="stmt"/>
        <line num="49" count="10" type="stmt"/>
        <line num="52" count="40" type="stmt"/>
        <line num="56" count="10" type="stmt"/>
        <line num="59" count="39" type="stmt"/>
        <line num="60" count="16" type="stmt"/>
        <line num="62" count="64" type="cond" truecount="2" falsecount="0"/>
        <line num="66" count="39" type="stmt"/>
        <line num="81" count="9" type="stmt"/>
        <line num="82" count="9" type="stmt"/>
        <line num="98" count="86" type="stmt"/>
      </file>
      <file name="QuizList.tsx" path="/Users/jasonhensley/Desktop/Class/CISC275/quizzer_start/src/quizzer/QuizList.tsx">
        <metrics statements="11" coveredstatements="11" conditionals="4" coveredconditionals="4" methods="5" coveredmethods="5"/>
        <line num="15" count="2" type="stmt"/>
        <line num="21" count="63" type="stmt"/>
        <line num="23" count="63" type="stmt"/>
        <line num="24" count="12" type="stmt"/>
        <line num="27" count="63" type="stmt"/>
        <line num="28" count="1" type="stmt"/>
        <line num="31" count="63" type="stmt"/>
        <line num="36" count="90" type="stmt"/>
        <line num="49" count="315" type="cond" truecount="2" falsecount="0"/>
        <line num="50" count="45" type="stmt"/>
        <line num="60" count="270" type="stmt"/>
      </file>
      <file name="QuizQuestion.tsx" path="/Users/jasonhensley/Desktop/Class/CISC275/quizzer_start/src/quizzer/QuizQuestion.tsx">
        <metrics statements="10" coveredstatements="10" conditionals="14" coveredconditionals="12" methods="4" coveredmethods="4"/>
        <line num="17" count="2" type="stmt"/>
        <line num="25" count="86" type="stmt"/>
        <line num="26" count="16" type="cond" truecount="1" falsecount="1"/>
        <line num="27" count="16" type="stmt"/>
        <line num="31" count="86" type="stmt"/>
        <line num="32" count="3" type="stmt"/>
        <line num="33" count="3" type="cond" truecount="1" falsecount="1"/>
        <line num="34" count="3" type="stmt"/>
        <line num="38" count="86" type="stmt"/>
        <line num="64" count="158" type="stmt"/>
      </file>
      <file name="QuizView.tsx" path="/Users/jasonhensley/Desktop/Class/CISC275/quizzer_start/src/quizzer/QuizView.tsx">
        <metrics statements="5" coveredstatements="5" conditionals="4" coveredconditionals="4" methods="2" coveredmethods="2"/>
        <line num="15" count="2" type="stmt"/>
        <line num="21" count="45" type="stmt"/>
        <line num="23" count="45" type="stmt"/>
        <line num="24" count="16" type="stmt"/>
        <line num="27" count="45" type="stmt"/>
      </file>
      <file name="Quizzer.tsx" path="/Users/jasonhensley/Desktop/Class/CISC275/quizzer_start/src/quizzer/Quizzer.tsx">
        <metrics statements="14" coveredstatements="14" conditionals="2" coveredconditionals="2" methods="10" coveredmethods="10"/>
        <line num="10" count="2" type="stmt"/>
        <line num="11" count="10" type="stmt"/>
        <line num="14" count="40" type="stmt"/>
        <line num="23" count="2" type="stmt"/>
        <line num="24" count="51" type="stmt"/>
        <line num="25" count="51" type="stmt"/>
        <line num="28" count="33" type="stmt"/>
        <line num="29" count="165" type="cond" truecount="2" falsecount="0"/>
        <line num="34" count="1" type="stmt"/>
        <line num="35" count="1" type="stmt"/>
        <line num="39" count="5" type="stmt"/>
        <line num="42" count="51" type="stmt"/>
        <line num="43" count="51" type="stmt"/>
        <line num="45" count="51" type="stmt"/>
      </file>
    </package>
  </project>
</coverage>
