TN:
SF:src/App.tsx
FN:7,App
FN:15,(anonymous_1)
FNF:2
FNH:1
FNDA:1,App
FNDA:0,(anonymous_1)
DA:8,1
DA:10,1
DA:16,0
LF:3
LH:2
BRDA:19,0,0,1
BRDA:19,0,1,0
BRDA:22,1,0,1
BRDA:22,1,1,0
BRF:4
BRH:2
end_of_record
TN:
SF:src/interfaces/question.ts
FNF:0
FNH:0
LF:0
LH:0
BRF:0
BRH:0
end_of_record
TN:
SF:src/interfaces/quiz.ts
FNF:0
FNH:0
LF:0
LH:0
BRF:0
BRH:0
end_of_record
TN:
SF:src/quizzer/AddQuizModal.tsx
FN:10,(anonymous_0)
FN:18,(anonymous_1)
FN:36,(anonymous_2)
FN:45,(anonymous_3)
FN:53,(anonymous_4)
FNF:5
FNH:2
FNDA:51,(anonymous_0)
FNDA:1,(anonymous_1)
FNDA:0,(anonymous_2)
FNDA:0,(anonymous_3)
FNDA:0,(anonymous_4)
DA:10,2
DA:15,51
DA:16,51
DA:18,51
DA:19,1
DA:20,1
DA:21,1
DA:22,1
DA:25,51
DA:38,0
DA:46,0
DA:54,0
DA:55,0
DA:56,0
LF:14
LH:9
BRF:0
BRH:0
end_of_record
TN:
SF:src/quizzer/QuestionEdit.tsx
FN:16,(anonymous_0)
FN:25,(anonymous_1)
FN:28,(anonymous_2)
FN:40,(anonymous_3)
FN:53,(anonymous_4)
FN:58,(anonymous_5)
FN:71,(anonymous_6)
FN:94,(anonymous_7)
FN:128,(anonymous_8)
FN:169,(anonymous_9)
FN:185,(anonymous_10)
FN:205,(anonymous_11)
FN:225,(anonymous_12)
FN:232,(anonymous_13)
FN:246,(anonymous_14)
FN:255,(anonymous_15)
FNF:16
FNH:10
FNDA:245,(anonymous_0)
FNDA:246,(anonymous_1)
FNDA:2,(anonymous_2)
FNDA:2,(anonymous_3)
FNDA:2,(anonymous_4)
FNDA:0,(anonymous_5)
FNDA:0,(anonymous_6)
FNDA:0,(anonymous_7)
FNDA:2,(anonymous_8)
FNDA:0,(anonymous_9)
FNDA:455,(anonymous_10)
FNDA:0,(anonymous_11)
FNDA:2,(anonymous_12)
FNDA:0,(anonymous_13)
FNDA:1,(anonymous_14)
FNDA:1,(anonymous_15)
DA:16,2
DA:24,245
DA:25,246
DA:28,245
DA:29,2
DA:31,2
DA:32,2
DA:40,245
DA:41,2
DA:42,2
DA:43,2
DA:44,1
DA:46,1
DA:48,2
DA:53,245
DA:54,2
DA:55,2
DA:58,245
DA:62,0
DA:63,0
DA:64,0
DA:71,245
DA:72,0
DA:73,0
DA:74,0
DA:80,245
DA:97,0
DA:128,2
DA:172,0
DA:186,455
DA:208,0
DA:225,2
DA:232,0
DA:247,1
DA:256,1
LF:35
LH:25
BRDA:31,0,0,0
BRDA:31,0,1,2
BRDA:43,1,0,1
BRDA:43,1,1,1
BRDA:67,2,0,0
BRDA:67,2,1,0
BRDA:117,3,0,63
BRDA:117,3,1,182
BRDA:148,4,0,245
BRDA:148,4,1,124
BRDA:164,5,0,245
BRDA:164,5,1,121
BRDA:181,6,0,245
BRDA:181,6,1,124
BRF:14
BRH:11
end_of_record
TN:
SF:src/quizzer/QuizCard.tsx
FN:12,(anonymous_0)
FN:17,(anonymous_1)
FN:26,(anonymous_2)
FNF:3
FNH:3
FNDA:90,(anonymous_0)
FNDA:356,(anonymous_1)
FNDA:12,(anonymous_2)
DA:12,2
DA:16,90
DA:18,356
DA:21,90
DA:27,12
LF:5
LH:5
BRDA:18,0,0,356
BRDA:18,0,1,302
BRDA:18,0,2,160
BRDA:34,1,0,90
BRDA:34,1,1,0
BRF:5
BRH:4
end_of_record
TN:
SF:src/quizzer/QuizEdit.tsx
FN:17,(anonymous_0)
FN:26,(anonymous_1)
FN:29,(anonymous_2)
FN:33,(anonymous_3)
FN:36,(anonymous_4)
FN:40,(anonymous_5)
FN:44,(anonymous_6)
FN:64,(anonymous_7)
FN:81,(anonymous_8)
FN:96,(anonymous_9)
FN:104,(anonymous_10)
FN:120,(anonymous_11)
FN:146,(anonymous_12)
FN:159,(anonymous_13)
FNF:14
FNH:13
FNDA:61,(anonymous_0)
FNDA:7,(anonymous_1)
FNDA:28,(anonymous_2)
FNDA:1,(anonymous_3)
FNDA:4,(anonymous_4)
FNDA:7,(anonymous_5)
FNDA:2,(anonymous_6)
FNDA:38,(anonymous_7)
FNDA:3,(anonymous_8)
FNDA:0,(anonymous_9)
FNDA:245,(anonymous_10)
FNDA:1,(anonymous_11)
FNDA:7,(anonymous_12)
FNDA:1,(anonymous_13)
DA:17,2
DA:24,61
DA:26,61
DA:27,7
DA:29,28
DA:33,61
DA:34,1
DA:36,4
DA:40,61
DA:41,7
DA:44,61
DA:45,2
DA:46,2
DA:47,2
DA:48,2
DA:49,2
DA:55,61
DA:67,38
DA:84,3
DA:97,0
DA:105,245
DA:121,1
DA:147,7
DA:148,7
DA:160,1
DA:161,1
LF:26
LH:25
BRDA:29,0,0,7
BRDA:29,0,1,21
BRF:2
BRH:2
end_of_record
TN:
SF:src/quizzer/QuizExpanded.tsx
FN:16,(anonymous_0)
FN:23,(anonymous_1)
FN:32,(anonymous_2)
FN:39,(anonymous_3)
FN:43,(anonymous_4)
FN:44,(anonymous_5)
FN:47,(anonymous_6)
FN:52,(anonymous_7)
FN:59,(anonymous_8)
FN:62,(anonymous_9)
FN:80,(anonymous_10)
FN:97,(anonymous_11)
FNF:12
FNH:12
FNDA:39,(anonymous_0)
FNDA:157,(anonymous_1)
FNDA:3,(anonymous_2)
FNDA:86,(anonymous_3)
FNDA:3,(anonymous_4)
FNDA:3,(anonymous_5)
FNDA:10,(anonymous_6)
FNDA:40,(anonymous_7)
FNDA:16,(anonymous_8)
FNDA:64,(anonymous_9)
FNDA:9,(anonymous_10)
FNDA:86,(anonymous_11)
DA:16,2
DA:22,39
DA:24,157
DA:27,39
DA:28,39
DA:32,39
DA:33,3
DA:34,3
DA:35,3
DA:38,39
DA:39,86
DA:43,39
DA:44,3
DA:47,39
DA:48,10
DA:49,10
DA:52,40
DA:56,10
DA:59,39
DA:60,16
DA:62,64
DA:66,39
DA:81,9
DA:82,9
DA:98,86
LF:25
LH:25
BRDA:24,0,0,157
BRDA:24,0,1,144
BRDA:24,0,2,84
BRDA:62,1,0,16
BRDA:62,1,1,48
BRDA:73,2,0,39
BRDA:73,2,1,0
BRF:7
BRH:6
end_of_record
TN:
SF:src/quizzer/QuizList.tsx
FN:15,(anonymous_0)
FN:23,(anonymous_1)
FN:27,(anonymous_2)
FN:35,(anonymous_3)
FN:48,(anonymous_4)
FNF:5
FNH:5
FNDA:63,(anonymous_0)
FNDA:12,(anonymous_1)
FNDA:1,(anonymous_2)
FNDA:90,(anonymous_3)
FNDA:315,(anonymous_4)
DA:15,2
DA:21,63
DA:23,63
DA:24,12
DA:27,63
DA:28,1
DA:31,63
DA:36,90
DA:49,315
DA:50,45
DA:60,270
LF:11
LH:11
BRDA:33,0,0,63
BRDA:33,0,1,18
BRDA:49,1,0,45
BRDA:49,1,1,270
BRF:4
BRH:4
end_of_record
TN:
SF:src/quizzer/QuizQuestion.tsx
FN:17,(anonymous_0)
FN:25,(anonymous_1)
FN:31,(anonymous_2)
FN:63,(anonymous_3)
FNF:4
FNH:4
FNDA:86,(anonymous_0)
FNDA:16,(anonymous_1)
FNDA:3,(anonymous_2)
FNDA:158,(anonymous_3)
DA:17,2
DA:25,86
DA:26,16
DA:27,16
DA:31,86
DA:32,3
DA:33,3
DA:34,3
DA:38,86
DA:64,158
LF:10
LH:10
BRDA:26,0,0,16
BRDA:26,0,1,0
BRDA:33,1,0,3
BRDA:33,1,1,0
BRDA:47,2,0,5
BRDA:47,2,1,81
BRDA:51,3,0,86
BRDA:51,3,1,43
BRDA:60,4,0,86
BRDA:60,4,1,43
BRDA:78,5,0,3
BRDA:78,5,1,83
BRDA:79,6,0,6
BRDA:79,6,1,80
BRF:14
BRH:12
end_of_record
TN:
SF:src/quizzer/QuizView.tsx
FN:15,(anonymous_0)
FN:23,(anonymous_1)
FNF:2
FNH:2
FNDA:45,(anonymous_0)
FNDA:16,(anonymous_1)
DA:15,2
DA:21,45
DA:23,45
DA:24,16
DA:27,45
LF:5
LH:5
BRDA:29,0,0,45
BRDA:29,0,1,9
BRDA:38,1,0,45
BRDA:38,1,1,36
BRF:4
BRH:4
end_of_record
TN:
SF:src/quizzer/Quizzer.tsx
FN:11,(anonymous_0)
FN:14,(anonymous_1)
FN:23,(anonymous_2)
FN:27,editQuiz
FN:29,(anonymous_4)
FN:33,addQuiz
FN:38,deleteQuiz
FN:39,(anonymous_7)
FN:42,(anonymous_8)
FN:43,(anonymous_9)
FNF:10
FNH:10
FNDA:10,(anonymous_0)
FNDA:40,(anonymous_1)
FNDA:51,(anonymous_2)
FNDA:33,editQuiz
FNDA:165,(anonymous_4)
FNDA:1,addQuiz
FNDA:1,deleteQuiz
FNDA:5,(anonymous_7)
FNDA:1,(anonymous_8)
FNDA:1,(anonymous_9)
DA:10,2
DA:11,10
DA:14,40
DA:23,2
DA:24,51
DA:25,51
DA:28,33
DA:29,165
DA:34,1
DA:35,1
DA:39,5
DA:42,51
DA:43,51
DA:45,51
LF:14
LH:14
BRDA:29,0,0,33
BRDA:29,0,1,132
BRF:2
BRH:2
end_of_record
